<?xml version="1.0" encoding="UTF-8"?>
<coverage generated="1673262231284" clover="3.2.0">
  <project timestamp="1673262231284" name="All files">
    <metrics statements="23" coveredstatements="13" conditionals="8" coveredconditionals="0" methods="6" coveredmethods="4" elements="37" coveredelements="17" complexity="0" loc="23" ncloc="23" packages="3" files="3" classes="3"/>
    <package name="controllers">
      <metrics statements="15" coveredstatements="5" conditionals="8" coveredconditionals="0" methods="4" coveredmethods="2"/>
      <file name="league.controller.js" path="/home/andry/project/test_fdj/backend/controllers/league.controller.js">
        <metrics statements="15" coveredstatements="5" conditionals="8" coveredconditionals="0" methods="4" coveredmethods="2"/>
        <line num="1" count="1" type="stmt"/>
        <line num="2" count="1" type="stmt"/>
        <line num="9" count="1" type="stmt"/>
        <line num="11" count="0" type="cond" truecount="0" falsecount="2"/>
        <line num="13" count="0" type="cond" truecount="0" falsecount="2"/>
        <line num="14" count="0" type="stmt"/>
        <line num="16" count="0" type="stmt"/>
        <line num="23" count="0" type="stmt"/>
        <line num="32" count="1" type="stmt"/>
        <line num="34" count="0" type="cond" truecount="0" falsecount="2"/>
        <line num="36" count="0" type="cond" truecount="0" falsecount="2"/>
        <line num="37" count="0" type="stmt"/>
        <line num="39" count="0" type="stmt"/>
        <line num="46" count="0" type="stmt"/>
        <line num="50" count="1" type="stmt"/>
      </file>
    </package>
    <package name="lib">
      <metrics statements="4" coveredstatements="4" conditionals="0" coveredconditionals="0" methods="2" coveredmethods="2"/>
      <file name="league.lib.js" path="/home/andry/project/test_fdj/backend/lib/league.lib.js">
        <metrics statements="4" coveredstatements="4" conditionals="0" coveredconditionals="0" methods="2" coveredmethods="2"/>
        <line num="1" count="1" type="stmt"/>
        <line num="6" count="1" type="stmt"/>
        <line num="10" count="1" type="stmt"/>
        <line num="14" count="1" type="stmt"/>
      </file>
    </package>
    <package name="model">
      <metrics statements="4" coveredstatements="4" conditionals="0" coveredconditionals="0" methods="0" coveredmethods="0"/>
      <file name="League.js" path="/home/andry/project/test_fdj/backend/model/League.js">
        <metrics statements="4" coveredstatements="4" conditionals="0" coveredconditionals="0" methods="0" coveredmethods="0"/>
        <line num="1" count="1" type="stmt"/>
        <line num="3" count="1" type="stmt"/>
        <line num="13" count="1" type="stmt"/>
        <line num="15" count="1" type="stmt"/>
      </file>
    </package>
  </project>
</coverage>
