{"/home/andry/project/test_fdj/backend/controllers/league.controller.js": {"path":"/home/andry/project/test_fdj/backend/controllers/league.controller.js","statementMap":{"0":{"start":{"line":1,"column":18},"end":{"line":1,"column":46}},"1":{"start":{"line":2,"column":18},"end":{"line":2,"column":33}},"2":{"start":{"line":9,"column":4},"end":{"line":24,"column":7}},"3":{"start":{"line":11,"column":8},"end":{"line":17,"column":9}},"4":{"start":{"line":13,"column":12},"end":{"line":14,"column":73}},"5":{"start":{"line":14,"column":16},"end":{"line":14,"column":73}},"6":{"start":{"line":16,"column":12},"end":{"line":16,"column":69}},"7":{"start":{"line":23,"column":8},"end":{"line":23,"column":36}},"8":{"start":{"line":32,"column":4},"end":{"line":47,"column":7}},"9":{"start":{"line":34,"column":8},"end":{"line":40,"column":9}},"10":{"start":{"line":36,"column":12},"end":{"line":37,"column":73}},"11":{"start":{"line":37,"column":16},"end":{"line":37,"column":73}},"12":{"start":{"line":39,"column":12},"end":{"line":39,"column":69}},"13":{"start":{"line":46,"column":8},"end":{"line":46,"column":38}},"14":{"start":{"line":50,"column":0},"end":{"line":53,"column":1}}},"fnMap":{"0":{"name":"getLeagueDetails","decl":{"start":{"line":4,"column":15},"end":{"line":4,"column":31}},"loc":{"start":{"line":4,"column":42},"end":{"line":25,"column":1}},"line":4},"1":{"name":"(anonymous_1)","decl":{"start":{"line":9,"column":46},"end":{"line":9,"column":47}},"loc":{"start":{"line":9,"column":71},"end":{"line":24,"column":5}},"line":9},"2":{"name":"searchLeaguesByName","decl":{"start":{"line":27,"column":15},"end":{"line":27,"column":34}},"loc":{"start":{"line":27,"column":45},"end":{"line":48,"column":1}},"line":27},"3":{"name":"(anonymous_3)","decl":{"start":{"line":32,"column":50},"end":{"line":32,"column":51}},"loc":{"start":{"line":32,"column":76},"end":{"line":47,"column":5}},"line":32}},"branchMap":{"0":{"loc":{"start":{"line":11,"column":8},"end":{"line":17,"column":9}},"type":"if","locations":[{"start":{"line":11,"column":8},"end":{"line":17,"column":9}},{"start":{},"end":{}}],"line":11},"1":{"loc":{"start":{"line":13,"column":12},"end":{"line":14,"column":73}},"type":"if","locations":[{"start":{"line":13,"column":12},"end":{"line":14,"column":73}},{"start":{},"end":{}}],"line":13},"2":{"loc":{"start":{"line":34,"column":8},"end":{"line":40,"column":9}},"type":"if","locations":[{"start":{"line":34,"column":8},"end":{"line":40,"column":9}},{"start":{},"end":{}}],"line":34},"3":{"loc":{"start":{"line":36,"column":12},"end":{"line":37,"column":73}},"type":"if","locations":[{"start":{"line":36,"column":12},"end":{"line":37,"column":73}},{"start":{},"end":{}}],"line":36}},"s":{"0":1,"1":1,"2":1,"3":0,"4":0,"5":0,"6":0,"7":0,"8":1,"9":0,"10":0,"11":0,"12":0,"13":0,"14":1},"f":{"0":1,"1":0,"2":1,"3":0},"b":{"0":[0,0],"1":[0,0],"2":[0,0],"3":[0,0]},"_coverageSchema":"1a1c01bbd47fc00a2c39e90264f33305004495a9","hash":"5d877043acfbf65e9127cc09184a2eb90215d922"}
,"/home/andry/project/test_fdj/backend/lib/league.lib.js": {"path":"/home/andry/project/test_fdj/backend/lib/league.lib.js","statementMap":{"0":{"start":{"line":1,"column":15},"end":{"line":1,"column":41}},"1":{"start":{"line":6,"column":8},"end":{"line":6,"column":78}},"2":{"start":{"line":10,"column":8},"end":{"line":10,"column":52}},"3":{"start":{"line":14,"column":0},"end":{"line":14,"column":27}}},"fnMap":{"0":{"name":"(anonymous_0)","decl":{"start":{"line":5,"column":4},"end":{"line":5,"column":5}},"loc":{"start":{"line":5,"column":38},"end":{"line":7,"column":5}},"line":5},"1":{"name":"(anonymous_1)","decl":{"start":{"line":9,"column":4},"end":{"line":9,"column":5}},"loc":{"start":{"line":9,"column":28},"end":{"line":11,"column":5}},"line":9}},"branchMap":{},"s":{"0":1,"1":1,"2":1,"3":1},"f":{"0":1,"1":1},"b":{},"_coverageSchema":"1a1c01bbd47fc00a2c39e90264f33305004495a9","hash":"5246021a81d157b427c2e8d443b1f11675eaa31a"}
,"/home/andry/project/test_fdj/backend/model/League.js": {"path":"/home/andry/project/test_fdj/backend/model/League.js","statementMap":{"0":{"start":{"line":1,"column":17},"end":{"line":1,"column":36}},"1":{"start":{"line":3,"column":21},"end":{"line":11,"column":2}},"2":{"start":{"line":13,"column":15},"end":{"line":13,"column":53}},"3":{"start":{"line":15,"column":0},"end":{"line":15,"column":24}}},"fnMap":{},"branchMap":{},"s":{"0":1,"1":1,"2":1,"3":1},"f":{},"b":{},"_coverageSchema":"1a1c01bbd47fc00a2c39e90264f33305004495a9","hash":"47d04f477352e439abdb5accc365499f9167c2c7"}
}
