TN:
SF:controllers/league.controller.js
FN:4,getLeagueDetails
FN:9,(anonymous_1)
FN:27,searchLeaguesByName
FN:32,(anonymous_3)
FNF:4
FNH:2
FNDA:1,getLeagueDetails
FNDA:0,(anonymous_1)
FNDA:1,searchLeaguesByName
FNDA:0,(anonymous_3)
DA:1,1
DA:2,1
DA:9,1
DA:11,0
DA:13,0
DA:14,0
DA:16,0
DA:23,0
DA:32,1
DA:34,0
DA:36,0
DA:37,0
DA:39,0
DA:46,0
DA:50,1
LF:15
LH:5
BRDA:11,0,0,0
BRDA:11,0,1,0
BRDA:13,1,0,0
BRDA:13,1,1,0
BRDA:34,2,0,0
BRDA:34,2,1,0
BRDA:36,3,0,0
BRDA:36,3,1,0
BRF:8
BRH:0
end_of_record
TN:
SF:lib/league.lib.js
FN:5,(anonymous_0)
FN:9,(anonymous_1)
FNF:2
FNH:2
FNDA:1,(anonymous_0)
FNDA:1,(anonymous_1)
DA:1,1
DA:6,1
DA:10,1
DA:14,1
LF:4
LH:4
BRF:0
BRH:0
end_of_record
TN:
SF:model/League.js
FNF:0
FNH:0
DA:1,1
DA:3,1
DA:13,1
DA:15,1
LF:4
LH:4
BRF:0
BRH:0
end_of_record
